<?xml version="1.0" encoding="UTF-8"?>
<!-- Generated by org.testng.reporters.JUnitReportReporter -->
<testsuite hostname="DESKTOP-CVFL0M8" failures="0" tests="3" name="SuiteAnotationPractice.TestCase2" time="0.025" errors="0" timestamp="2022-09-24T18:15:35 IST" skipped="0">
  <testcase classname="SuiteAnotationPractice.TestCase2" name="m5" time="0.007"/>
  <system-out/>
  <testcase classname="SuiteAnotationPractice.TestCase2" name="m6" time="0.005"/>
  <system-out/>
  <testcase classname="SuiteAnotationPractice.TestCase2" name="m4" time="0.013"/>
  <system-out/>
</testsuite> <!-- SuiteAnotationPractice.TestCase2 -->
