<?xml version="1.0" encoding="UTF-8"?>
<!-- Generated by org.testng.reporters.JUnitReportReporter -->
<testsuite hostname="DESKTOP-CVFL0M8" failures="0" tests="1" name="PomPractice.AmazonTest" time="12.148" errors="0" timestamp="2022-09-30T15:08:40 IST" skipped="0">
  <testcase classname="PomPractice.AmazonTest" name="AmazonRegistrationPageTest" time="12.148"/>
  <system-out/>
</testsuite> <!-- PomPractice.AmazonTest -->
