<?xml version="1.0" encoding="UTF-8"?>
<!-- Generated by org.testng.reporters.JUnitReportReporter -->
<testsuite hostname="DESKTOP-CVFL0M8" failures="0" tests="3" name="Basics.BeforeMethodAfterMethodPractice" time="0.049" errors="0" timestamp="2022-10-06T17:58:19 IST" skipped="0">
  <testcase classname="Basics.BeforeMethodAfterMethodPractice" name="profilepage" time="0.035"/>
  <system-out>
    <![CDATA[Checking the profilepage]]>
  </system-out>
  <testcase classname="Basics.BeforeMethodAfterMethodPractice" name="notificationpage" time="0.007"/>
  <system-out>
    <![CDATA[Checking the notificationpage]]>
  </system-out>
  <testcase classname="Basics.BeforeMethodAfterMethodPractice" name="homepage" time="0.007"/>
  <system-out>
    <![CDATA[Checking the homepage]]>
  </system-out>
</testsuite> <!-- Basics.BeforeMethodAfterMethodPractice -->
