<?xml version="1.0" encoding="UTF-8"?>
<!-- Generated by org.testng.reporters.JUnitReportReporter -->
<testsuite hostname="DESKTOP-CVFL0M8" failures="0" tests="6" name="KewordPractice.InvocationCountPractice" time="0.096" errors="0" timestamp="2022-09-23T14:26:25 IST" skipped="0">
  <testcase classname="KewordPractice.InvocationCountPractice" name="HomePageTest" time="0.026"/>
  <system-out/>
  <testcase classname="KewordPractice.InvocationCountPractice" name="NotificationPageTest" time="0.019"/>
  <system-out/>
  <testcase classname="KewordPractice.InvocationCountPractice" name="NotificationPageTest" time="0.012"/>
  <system-out/>
  <testcase classname="KewordPractice.InvocationCountPractice" name="NotificationPageTest" time="0.011"/>
  <system-out/>
  <testcase classname="KewordPractice.InvocationCountPractice" name="NotificationPageTest" time="0.018"/>
  <system-out/>
  <testcase classname="KewordPractice.InvocationCountPractice" name="NotificationPageTest" time="0.010"/>
  <system-out/>
</testsuite> <!-- KewordPractice.InvocationCountPractice -->
