<?xml version="1.0" encoding="UTF-8"?>
<!-- Generated by org.testng.reporters.JUnitReportReporter -->
<testsuite hostname="DESKTOP-CVFL0M8" failures="0" tests="6" name="KewordPractice.TimeOutsKeywordPractice" time="3.184" errors="0" timestamp="2022-09-23T14:39:08 IST" skipped="0">
  <testcase classname="KewordPractice.TimeOutsKeywordPractice" name="HomePageTest" time="3.046"/>
  <system-out/>
  <testcase classname="KewordPractice.TimeOutsKeywordPractice" name="NotificationPageTest" time="0.041"/>
  <system-out/>
  <testcase classname="KewordPractice.TimeOutsKeywordPractice" name="NotificationPageTest" time="0.022"/>
  <system-out/>
  <testcase classname="KewordPractice.TimeOutsKeywordPractice" name="NotificationPageTest" time="0.024"/>
  <system-out/>
  <testcase classname="KewordPractice.TimeOutsKeywordPractice" name="NotificationPageTest" time="0.022"/>
  <system-out/>
  <testcase classname="KewordPractice.TimeOutsKeywordPractice" name="NotificationPageTest" time="0.029"/>
  <system-out/>
</testsuite> <!-- KewordPractice.TimeOutsKeywordPractice -->
