<?xml version="1.0" encoding="UTF-8"?>
<!-- Generated by org.testng.reporters.JUnitReportReporter -->
<testsuite hostname="DESKTOP-CVFL0M8" failures="0" tests="3" name="SuiteAnotationPractice.TestCase1" time="0.033" errors="0" timestamp="2022-09-24T18:15:35 IST" skipped="0">
  <testcase classname="SuiteAnotationPractice.TestCase1" name="m1" time="0.006"/>
  <system-out/>
  <testcase classname="SuiteAnotationPractice.TestCase1" name="m3" time="0.015"/>
  <system-out/>
  <testcase classname="SuiteAnotationPractice.TestCase1" name="m2" time="0.012"/>
  <system-out/>
</testsuite> <!-- SuiteAnotationPractice.TestCase1 -->
