<?xml version="1.0" encoding="UTF-8"?>
<!-- Generated by org.testng.reporters.JUnitReportReporter -->
<testsuite hostname="DESKTOP-CVFL0M8" failures="0" tests="1" name="PomClassesPractice.RegistrationTest" time="9.500" errors="0" timestamp="2022-10-01T14:09:02 IST" skipped="0">
  <testcase classname="PomClassesPractice.RegistrationTest" name="FacebookRegistrationPageTest_Positive" time="9.500"/>
  <system-out/>
</testsuite> <!-- PomClassesPractice.RegistrationTest -->
