<?xml version="1.0" encoding="UTF-8"?>
<!-- Generated by org.testng.reporters.JUnitReportReporter -->
<testsuite hostname="DESKTOP-CVFL0M8" failures="0" tests="3" name="TestAnnotationPractice.TestCase1" time="0.044" errors="0" timestamp="2022-09-21T15:27:46 IST" skipped="0">
  <testcase classname="TestAnnotationPractice.TestCase1" name="m1" time="0.024"/>
  <system-out/>
  <testcase classname="TestAnnotationPractice.TestCase1" name="m2" time="0.010"/>
  <system-out/>
  <testcase classname="TestAnnotationPractice.TestCase1" name="m3" time="0.010"/>
  <system-out/>
</testsuite> <!-- TestAnnotationPractice.TestCase1 -->
