<?xml version="1.0" encoding="UTF-8"?>
<!-- Generated by org.testng.reporters.JUnitReportReporter -->
<testsuite hostname="DESKTOP-CVFL0M8" failures="0" tests="3" name="Basics.Introduction" time="0.046" errors="0" timestamp="2022-09-19T14:14:58 IST" skipped="0">
  <testcase classname="Basics.Introduction" name="openUrl" time="0.028"/>
  <system-out/>
  <testcase classname="Basics.Introduction" name="login" time="0.007"/>
  <system-out/>
  <testcase classname="Basics.Introduction" name="logout" time="0.011"/>
  <system-out/>
</testsuite> <!-- Basics.Introduction -->
