<?xml version="1.0" encoding="UTF-8"?>
<!-- Generated by org.testng.reporters.JUnitReportReporter -->
<testsuite hostname="DESKTOP-CVFL0M8" failures="0" tests="1" name="PomClassesPractice.LoginTest" time="1.863" errors="0" timestamp="2022-10-01T14:09:02 IST" skipped="0">
  <testcase classname="PomClassesPractice.LoginTest" name="FacebookLoginPageTest" time="1.863"/>
  <system-out>
    <![CDATA[VerifyFacebookLoginPageLogo
VerifyFacebookLoginPageTagline
VerifyFacebookLoginPageCreateNewAccountBtn
VerifyFacebookLoginPageForgotPassword
VerifyFacebookLoginPageFooterlinksSize
SetFacebookLoginPageUsername
SetFacebookLoginPagePassword
SetFacebookLoginPageLogin_Btn]]>
  </system-out>
</testsuite> <!-- PomClassesPractice.LoginTest -->
