<?xml version="1.0" encoding="UTF-8"?>
<!-- Generated by org.testng.reporters.JUnitReportReporter -->
<testsuite hostname="DESKTOP-CVFL0M8" failures="0" tests="3" name="TestAnnotationPractice.TestCase2" time="0.038" errors="0" timestamp="2022-09-21T15:40:50 IST" skipped="0">
  <testcase classname="TestAnnotationPractice.TestCase2" name="m4" time="0.018"/>
  <system-out/>
  <testcase classname="TestAnnotationPractice.TestCase2" name="m6" time="0.009"/>
  <system-out/>
  <testcase classname="TestAnnotationPractice.TestCase2" name="m5" time="0.011"/>
  <system-out/>
</testsuite> <!-- TestAnnotationPractice.TestCase2 -->
