<?xml version="1.0" encoding="UTF-8"?>
<!-- Generated by org.testng.reporters.JUnitReportReporter -->
<testsuite hostname="DESKTOP-CVFL0M8" failures="0" tests="5" name="KewordPractice.InvocationCountWithThreadPoolSizePractice" time="314.353" errors="0" timestamp="2022-09-23T14:48:34 IST" skipped="0">
  <testcase classname="KewordPractice.InvocationCountWithThreadPoolSizePractice" name="OpenBrowser" time="62.721"/>
  <system-out/>
  <testcase classname="KewordPractice.InvocationCountWithThreadPoolSizePractice" name="OpenBrowser" time="61.590"/>
  <system-out/>
  <testcase classname="KewordPractice.InvocationCountWithThreadPoolSizePractice" name="OpenBrowser" time="63.300"/>
  <system-out/>
  <testcase classname="KewordPractice.InvocationCountWithThreadPoolSizePractice" name="OpenBrowser" time="64.093"/>
  <system-out/>
  <testcase classname="KewordPractice.InvocationCountWithThreadPoolSizePractice" name="OpenBrowser" time="62.649"/>
  <system-out/>
</testsuite> <!-- KewordPractice.InvocationCountWithThreadPoolSizePractice -->
