<?xml version="1.0" encoding="UTF-8"?>
<!-- Generated by org.testng.reporters.JUnitReportReporter -->
<testsuite hostname="DESKTOP-CVFL0M8" failures="0" tests="3" name="KewordPractice.EnabledKeywordPractice" time="0.071" errors="0" timestamp="2022-09-23T14:29:31 IST" skipped="1">
  <testcase classname="KewordPractice.EnabledKeywordPractice" name="SettingPageTest" time="0.039"/>
  <system-out/>
  <testcase classname="KewordPractice.EnabledKeywordPractice" name="HomePageTest" time="0.032"/>
  <system-out/>
  <testcase classname="KewordPractice.EnabledKeywordPractice" name="NotificationPageTest">
    <skipped/>
  </testcase> <!-- NotificationPageTest -->
  <system-out/>
</testsuite> <!-- KewordPractice.EnabledKeywordPractice -->
