<?xml version="1.0" encoding="UTF-8"?>
<!-- Generated by org.testng.reporters.JUnitReportReporter -->
<testsuite hostname="DESKTOP-CVFL0M8" failures="0" tests="12" name="ParameterizationCrossBrowserPractice.AllBrowsers" time="86.035" errors="0" timestamp="2022-09-28T14:15:54 IST" skipped="0">
  <testcase classname="ParameterizationCrossBrowserPractice.AllBrowsers" name="CrossBrowserTesting" time="36.929"/>
  <system-out/>
  <testcase classname="ParameterizationCrossBrowserPractice.AllBrowsers" name="CrossBrowserTesting" time="19.154"/>
  <system-out/>
  <testcase classname="ParameterizationCrossBrowserPractice.AllBrowsers" name="VerifyCurrentUrl" time="0.165"/>
  <system-out/>
  <testcase classname="ParameterizationCrossBrowserPractice.AllBrowsers" name="VerifyCurrentUrl" time="0.059"/>
  <system-out/>
  <testcase classname="ParameterizationCrossBrowserPractice.AllBrowsers" name="VerifyPageTitle" time="0.044"/>
  <system-out/>
  <testcase classname="ParameterizationCrossBrowserPractice.AllBrowsers" name="VerifyPageTitle" time="0.482"/>
  <system-out/>
  <testcase classname="ParameterizationCrossBrowserPractice.AllBrowsers" name="VerifyUsernameField" time="0.705"/>
  <system-out/>
  <testcase classname="ParameterizationCrossBrowserPractice.AllBrowsers" name="VerifyUsernameField" time="10.325"/>
  <system-out/>
  <testcase classname="ParameterizationCrossBrowserPractice.AllBrowsers" name="VerifyPasswordField" time="7.868"/>
  <system-out/>
  <testcase classname="ParameterizationCrossBrowserPractice.AllBrowsers" name="VerifyPasswordField" time="0.542"/>
  <system-out/>
  <testcase classname="ParameterizationCrossBrowserPractice.AllBrowsers" name="VerifyLoginBtn" time="9.323"/>
  <system-out/>
  <testcase classname="ParameterizationCrossBrowserPractice.AllBrowsers" name="VerifyLoginBtn" time="0.439"/>
  <system-out/>
</testsuite> <!-- ParameterizationCrossBrowserPractice.AllBrowsers -->
