<?xml version="1.0" encoding="UTF-8"?>
<!-- Generated by org.testng.reporters.JUnitReportReporter -->
<testsuite hostname="DESKTOP-CVFL0M8" failures="0" tests="3" name="GroupingPractice.TestCase1" time="0.037" errors="0" timestamp="2022-09-23T16:02:04 IST" skipped="0">
  <testcase classname="GroupingPractice.TestCase1" name="Test1" time="0.019"/>
  <system-out/>
  <testcase classname="GroupingPractice.TestCase1" name="Test2" time="0.008"/>
  <system-out/>
  <testcase classname="GroupingPractice.TestCase1" name="Test3" time="0.010"/>
  <system-out/>
</testsuite> <!-- GroupingPractice.TestCase1 -->
