<?xml version="1.0" encoding="UTF-8"?>
<!-- Generated by org.testng.reporters.JUnitReportReporter -->
<testsuite hostname="DESKTOP-CVFL0M8" failures="0" tests="3" name="GroupingPractice.TestCase3" time="0.021" errors="0" timestamp="2022-09-23T16:02:03 IST" skipped="0">
  <testcase classname="GroupingPractice.TestCase3" name="Test7" time="0.004"/>
  <system-out/>
  <testcase classname="GroupingPractice.TestCase3" name="Test9" time="0.004"/>
  <system-out/>
  <testcase classname="GroupingPractice.TestCase3" name="Test8" time="0.013"/>
  <system-out/>
</testsuite> <!-- GroupingPractice.TestCase3 -->
