<?xml version="1.0" encoding="UTF-8"?>
<!-- Generated by org.testng.reporters.JUnitReportReporter -->
<testsuite hostname="DESKTOP-CVFL0M8" failures="0" tests="3" name="Basics.ClassAnnotationsPractice" time="0.061" errors="0" timestamp="2022-09-20T11:52:19 IST" skipped="0">
  <testcase classname="Basics.ClassAnnotationsPractice" name="profilepage" time="0.029"/>
  <system-out>
    <![CDATA[Checking the profilepage]]>
  </system-out>
  <testcase classname="Basics.ClassAnnotationsPractice" name="notificationpage" time="0.011"/>
  <system-out>
    <![CDATA[Checking the notificationpage]]>
  </system-out>
  <testcase classname="Basics.ClassAnnotationsPractice" name="homepage" time="0.021"/>
  <system-out>
    <![CDATA[Checking the homepage]]>
  </system-out>
</testsuite> <!-- Basics.ClassAnnotationsPractice -->
